C51 COMPILER V9.51   DISPLAY_SLOT_INIT                                                     10/04/2018 18:56:07 PAGE 1   


C51 COMPILER V9.51, COMPILATION OF MODULE DISPLAY_SLOT_INIT
OBJECT MODULE PLACED IN display_slot_init.OBJ
COMPILER INVOKED BY: C:\Keil\C51\BIN\C51.EXE display_slot_init.c ROM(COMPACT) OPTIMIZE(9,SPEED) REGFILE(.\DisplayRoulett
                    -e.ORC) BROWSE DEBUG OBJECTEXTEND TABS(2)

line level    source

   1          /////////////////////////////////////
   2          //  Generated Initialization File  //
   3          /////////////////////////////////////
   4          
   5          #include "compiler_defs.h"
   6          #include "C8051F410_defs.h"
   7          
   8          // Peripheral specific initialization functions,
   9          // Called from the Init_Device() function
  10          void Reset_Sources_Init()
  11          {
  12   1          int i = 0;
  13   1          VDM0CN    = 0x80;
  14   1          for (i = 0; i < 20; i++);  // Wait 5us for initialization
  15   1          RSTSRC    = 0x06;
  16   1      }
  17          
  18          void PCA_Init()
  19          {
  20   1          PCA0CN    = 0x40;
  21   1          PCA0MD    &= ~0x40;
  22   1          PCA0MD    = 0x00;
  23   1          PCA0CPM0  = 0x46;
  24   1          PCA0CPL5  = 0xFF;
  25   1          PCA0MD    |= 0x20;
  26   1          PCA0CPH0  = 0x02;
  27   1      }
  28          
  29          void Timer_Init()
  30          {
  31   1          TMOD      = 0x02;
  32   1          CKCON     = 0x04;
  33   1          TH0       = 0x5D;
  34   1          TMR2RLL   = 0x6B;
  35   1          TMR2RLH   = 0xE5;
  36   1          TMR2L     = 0x6B;
  37   1          TMR2H     = 0xE5;
  38   1      }
  39          
  40          void SMBus_Init()
  41          {
  42   1          SMB0CF    = 0xC0;
  43   1      }
  44          
  45          void SPI_Init()
  46          {
  47   1          SPI0CFG   = 0x40;
  48   1          SPI0CN    = 0x00;
  49   1      }
  50          
  51          void ADC_Init()
  52          {
  53   1          ADC0MX    = 0x0F;
  54   1          ADC0CF    = 0xFA;
C51 COMPILER V9.51   DISPLAY_SLOT_INIT                                                     10/04/2018 18:56:07 PAGE 2   

  55   1          ADC0CN    = 0x80;
  56   1      }
  57          
  58          void DAC_Init()
  59          {
  60   1          IDA0CN    = 0xF3;
  61   1      }
  62          
  63          void Comparator_Init()
  64          {
  65   1          int i = 0;
  66   1          CPT0CN    = 0x80;
  67   1          for (i = 0; i < 35; i++);  // Wait 10us for initialization
  68   1          CPT0CN    &= ~0x30;
  69   1          CPT0MX    = 0x70;
  70   1      }
  71          
  72          void Voltage_Reference_Init()
  73          {
  74   1          REF0CN    = 0x1A;
  75   1      }
  76          
  77          void Port_IO_Init()
  78          {
  79   1          // P0.0  -  Skipped,     Open-Drain, Analog
  80   1          // P0.1  -  Skipped,     Open-Drain, Digital
  81   1          // P0.2  -  Skipped,     Push-Pull,  Digital
  82   1          // P0.3  -  Skipped,     Open-Drain, Digital
  83   1          // P0.4  -  TX0 (UART0), Push-Pull,  Digital
  84   1          // P0.5  -  RX0 (UART0), Open-Drain, Digital
  85   1          // P0.6  -  Skipped,     Push-Pull,  Digital
  86   1          // P0.7  -  SDA (SMBus), Open-Drain, Digital
  87   1      
  88   1          // P1.0  -  SCL (SMBus), Open-Drain, Digital
  89   1          // P1.1  -  CEX0 (PCA),  Push-Pull,  Digital
  90   1          // P1.2  -  Unassigned,  Push-Pull,  Digital
  91   1          // P1.3  -  Unassigned,  Push-Pull,  Digital
  92   1          // P1.4  -  Unassigned,  Open-Drain, Digital
  93   1          // P1.5  -  Unassigned,  Open-Drain, Digital
  94   1          // P1.6  -  Unassigned,  Push-Pull,  Digital
  95   1          // P1.7  -  Unassigned,  Open-Drain, Digital
  96   1      
  97   1          // P2.0  -  Unassigned,  Open-Drain, Digital
  98   1          // P2.1  -  Unassigned,  Open-Drain, Digital
  99   1          // P2.2  -  Unassigned,  Open-Drain, Digital
 100   1          // P2.3  -  Unassigned,  Open-Drain, Digital
 101   1          // P2.4  -  Unassigned,  Push-Pull,  Digital
 102   1          // P2.5  -  Unassigned,  Push-Pull,  Digital
 103   1          // P2.6  -  Unassigned,  Push-Pull,  Digital
 104   1          // P2.7  -  Unassigned,  Open-Drain, Digital
 105   1      
 106   1          P0MDIN    = 0xFE;
 107   1          P0MDOUT   = 0x54;
 108   1          P1MDOUT   = 0x4E;
 109   1          P2MDOUT   = 0x70;
 110   1          P0SKIP    = 0x4F;
 111   1          XBR0      = 0x05;
 112   1          XBR1      = 0xC1;
 113   1      }
 114          
 115          void Oscillator_Init()
 116          {
C51 COMPILER V9.51   DISPLAY_SLOT_INIT                                                     10/04/2018 18:56:07 PAGE 3   

 117   1          int i = 0;
 118   1          PFE0CN    &= ~0x20;
 119   1          FLSCL     = 0x10;
 120   1          PFE0CN    |= 0x20;
 121   1          CLKMUL    = 0x80;
 122   1          for (i = 0; i < 20; i++);    // Wait 5us for initialization
 123   1          CLKMUL    |= 0xC0;
 124   1          while ((CLKMUL & 0x20) == 0);
 125   1          CLKSEL    = 0x02;
 126   1          OSCICN    = 0x87;
 127   1      }
 128          
 129          void Interrupts_Init()
 130          {
 131   1          IE        = 0x80;
 132   1      }
 133          
 134          // Initialization function for device,
 135          // Call Init_Device() from your main program
 136          void Init_Device(void)
 137          {
 138   1          Reset_Sources_Init();
 139   1          PCA_Init();
 140   1          Timer_Init();
 141   1          SMBus_Init();
 142   1          SPI_Init();
 143   1          ADC_Init();
 144   1          DAC_Init();
 145   1          Comparator_Init();
 146   1          PCA0CPH5=0;
 147   1          Voltage_Reference_Init();
 148   1          Port_IO_Init();
 149   1          Oscillator_Init();
 150   1          Interrupts_Init();
 151   1      }


MODULE INFORMATION:   STATIC OVERLAYABLE
   CODE SIZE        =    224    ----
   CONSTANT SIZE    =   ----    ----
   XDATA SIZE       =   ----    ----
   PDATA SIZE       =   ----    ----
   DATA SIZE        =   ----    ----
   IDATA SIZE       =   ----    ----
   BIT SIZE         =   ----    ----
END OF MODULE INFORMATION.


C51 COMPILATION COMPLETE.  0 WARNING(S),  0 ERROR(S)
